[0.114s] DEBUG:colcon:Command line arguments: ['/usr/bin/colcon', 'build']
[0.114s] DEBUG:colcon:Parsed command line arguments: Namespace(log_base=None, log_level=None, verb_name='build', build_base='build', install_base='install', merge_install=False, symlink_install=False, test_result_base=None, continue_on_error=False, executor='parallel', parallel_workers=20, event_handlers=None, ignore_user_meta=False, metas=['./colcon.meta'], base_paths=['.'], packages_ignore=None, packages_ignore_regex=None, paths=None, packages_up_to=None, packages_up_to_regex=None, packages_above=None, packages_above_and_dependencies=None, packages_above_depth=None, packages_select_by_dep=None, packages_skip_by_dep=None, packages_skip_up_to=None, packages_select_build_failed=False, packages_skip_build_finished=False, packages_select_test_failures=False, packages_skip_test_passed=False, packages_select=None, packages_skip=None, packages_select_regex=None, packages_skip_regex=None, packages_start=None, packages_end=None, allow_overriding=[], cmake_args=None, cmake_target=None, cmake_target_skip_unavailable=False, cmake_clean_cache=False, cmake_clean_first=False, cmake_force_configure=False, ament_cmake_args=None, catkin_cmake_args=None, catkin_skip_building_tests=False, mixin_files=None, mixin=None, verb_parser=<colcon_mixin.mixin.mixin_argument.MixinArgumentDecorator object at 0x7db0ee2a6360>, verb_extension=<colcon_core.verb.build.BuildVerb object at 0x7db0ee3d2060>, main=<bound method BuildVerb.main of <colcon_core.verb.build.BuildVerb object at 0x7db0ee3d2060>>, mixin_verb=('build',))
[0.157s] Level 1:colcon.colcon_core.package_discovery:discover_packages(colcon_meta) check parameters
[0.158s] Level 1:colcon.colcon_core.package_discovery:discover_packages(recursive) check parameters
[0.158s] Level 1:colcon.colcon_core.package_discovery:discover_packages(ignore) check parameters
[0.158s] Level 1:colcon.colcon_core.package_discovery:discover_packages(path) check parameters
[0.158s] Level 1:colcon.colcon_core.package_discovery:discover_packages(colcon_meta) discover
[0.158s] Level 1:colcon.colcon_core.package_discovery:discover_packages(recursive) discover
[0.158s] INFO:colcon.colcon_core.package_discovery:Crawling recursively for packages in '/home/sujjay/ros2_ws/src/ROS2-Drone-Simulation'
[0.158s] Level 1:colcon.colcon_core.package_identification:_identify(.) by extensions ['ignore', 'ignore_ament_install']
[0.158s] Level 1:colcon.colcon_core.package_identification:_identify(.) by extension 'ignore'
[0.158s] Level 1:colcon.colcon_core.package_identification:_identify(.) by extension 'ignore_ament_install'
[0.158s] Level 1:colcon.colcon_core.package_identification:_identify(.) by extensions ['colcon_pkg']
[0.158s] Level 1:colcon.colcon_core.package_identification:_identify(.) by extension 'colcon_pkg'
[0.158s] Level 1:colcon.colcon_core.package_identification:_identify(.) by extensions ['colcon_meta']
[0.158s] Level 1:colcon.colcon_core.package_identification:_identify(.) by extension 'colcon_meta'
[0.159s] Level 1:colcon.colcon_core.package_identification:_identify(.) by extensions ['ros']
[0.159s] Level 1:colcon.colcon_core.package_identification:_identify(.) by extension 'ros'
[0.188s] Level 1:colcon.colcon_core.package_identification:_identify(.) by extensions ['cmake', 'python']
[0.188s] Level 1:colcon.colcon_core.package_identification:_identify(.) by extension 'cmake'
[0.188s] Level 1:colcon.colcon_core.package_identification:_identify(.) by extension 'python'
[0.188s] Level 1:colcon.colcon_core.package_identification:_identify(.) by extensions ['python_setup_py']
[0.188s] Level 1:colcon.colcon_core.package_identification:_identify(.) by extension 'python_setup_py'
[0.188s] Level 1:colcon.colcon_core.package_identification:_identify(build) by extensions ['ignore', 'ignore_ament_install']
[0.188s] Level 1:colcon.colcon_core.package_identification:_identify(build) by extension 'ignore'
[0.188s] Level 1:colcon.colcon_core.package_identification:_identify(build) ignored
[0.188s] Level 1:colcon.colcon_core.package_identification:_identify(install) by extensions ['ignore', 'ignore_ament_install']
[0.189s] Level 1:colcon.colcon_core.package_identification:_identify(install) by extension 'ignore'
[0.189s] Level 1:colcon.colcon_core.package_identification:_identify(install) ignored
[0.189s] Level 1:colcon.colcon_core.package_identification:_identify(log) by extensions ['ignore', 'ignore_ament_install']
[0.189s] Level 1:colcon.colcon_core.package_identification:_identify(log) by extension 'ignore'
[0.189s] Level 1:colcon.colcon_core.package_identification:_identify(log) ignored
[0.189s] Level 1:colcon.colcon_core.package_identification:_identify(python) by extensions ['ignore', 'ignore_ament_install']
[0.189s] Level 1:colcon.colcon_core.package_identification:_identify(python) by extension 'ignore'
[0.189s] Level 1:colcon.colcon_core.package_identification:_identify(python) by extension 'ignore_ament_install'
[0.189s] Level 1:colcon.colcon_core.package_identification:_identify(python) by extensions ['colcon_pkg']
[0.189s] Level 1:colcon.colcon_core.package_identification:_identify(python) by extension 'colcon_pkg'
[0.189s] Level 1:colcon.colcon_core.package_identification:_identify(python) by extensions ['colcon_meta']
[0.189s] Level 1:colcon.colcon_core.package_identification:_identify(python) by extension 'colcon_meta'
[0.189s] Level 1:colcon.colcon_core.package_identification:_identify(python) by extensions ['ros']
[0.189s] Level 1:colcon.colcon_core.package_identification:_identify(python) by extension 'ros'
[0.189s] Level 1:colcon.colcon_core.package_identification:_identify(python) by extensions ['cmake', 'python']
[0.189s] Level 1:colcon.colcon_core.package_identification:_identify(python) by extension 'cmake'
[0.189s] Level 1:colcon.colcon_core.package_identification:_identify(python) by extension 'python'
[0.189s] Level 1:colcon.colcon_core.package_identification:_identify(python) by extensions ['python_setup_py']
[0.189s] Level 1:colcon.colcon_core.package_identification:_identify(python) by extension 'python_setup_py'
[0.190s] Level 1:colcon.colcon_core.package_identification:_identify(python/sweeping_generator) by extensions ['ignore', 'ignore_ament_install']
[0.190s] Level 1:colcon.colcon_core.package_identification:_identify(python/sweeping_generator) by extension 'ignore'
[0.190s] Level 1:colcon.colcon_core.package_identification:_identify(python/sweeping_generator) by extension 'ignore_ament_install'
[0.190s] Level 1:colcon.colcon_core.package_identification:_identify(python/sweeping_generator) by extensions ['colcon_pkg']
[0.190s] Level 1:colcon.colcon_core.package_identification:_identify(python/sweeping_generator) by extension 'colcon_pkg'
[0.190s] Level 1:colcon.colcon_core.package_identification:_identify(python/sweeping_generator) by extensions ['colcon_meta']
[0.190s] Level 1:colcon.colcon_core.package_identification:_identify(python/sweeping_generator) by extension 'colcon_meta'
[0.190s] Level 1:colcon.colcon_core.package_identification:_identify(python/sweeping_generator) by extensions ['ros']
[0.190s] Level 1:colcon.colcon_core.package_identification:_identify(python/sweeping_generator) by extension 'ros'
[0.191s] DEBUG:colcon.colcon_core.package_identification:Failed to parse potential ROS package manifest in'python/sweeping_generator': Error(s) in package 'python/sweeping_generator/package.xml':
The manifest contains invalid XML:
mismatched tag: line 26, column 2
[0.192s] Level 1:colcon.colcon_core.package_identification:_identify(python/sweeping_generator) by extensions ['cmake', 'python']
[0.192s] Level 1:colcon.colcon_core.package_identification:_identify(python/sweeping_generator) by extension 'cmake'
[0.192s] Level 1:colcon.colcon_core.package_identification:_identify(python/sweeping_generator) by extension 'python'
[0.192s] Level 1:colcon.colcon_core.package_identification:_identify(python/sweeping_generator) by extensions ['python_setup_py']
[0.192s] Level 1:colcon.colcon_core.package_identification:_identify(python/sweeping_generator) by extension 'python_setup_py'
[0.192s] Level 1:colcon.colcon_core.package_identification:_identify(python/sweeping_generator/config) by extensions ['ignore', 'ignore_ament_install']
[0.192s] Level 1:colcon.colcon_core.package_identification:_identify(python/sweeping_generator/config) by extension 'ignore'
[0.192s] Level 1:colcon.colcon_core.package_identification:_identify(python/sweeping_generator/config) by extension 'ignore_ament_install'
[0.192s] Level 1:colcon.colcon_core.package_identification:_identify(python/sweeping_generator/config) by extensions ['colcon_pkg']
[0.192s] Level 1:colcon.colcon_core.package_identification:_identify(python/sweeping_generator/config) by extension 'colcon_pkg'
[0.192s] Level 1:colcon.colcon_core.package_identification:_identify(python/sweeping_generator/config) by extensions ['colcon_meta']
[0.192s] Level 1:colcon.colcon_core.package_identification:_identify(python/sweeping_generator/config) by extension 'colcon_meta'
[0.192s] Level 1:colcon.colcon_core.package_identification:_identify(python/sweeping_generator/config) by extensions ['ros']
[0.192s] Level 1:colcon.colcon_core.package_identification:_identify(python/sweeping_generator/config) by extension 'ros'
[0.192s] Level 1:colcon.colcon_core.package_identification:_identify(python/sweeping_generator/config) by extensions ['cmake', 'python']
[0.192s] Level 1:colcon.colcon_core.package_identification:_identify(python/sweeping_generator/config) by extension 'cmake'
[0.192s] Level 1:colcon.colcon_core.package_identification:_identify(python/sweeping_generator/config) by extension 'python'
[0.192s] Level 1:colcon.colcon_core.package_identification:_identify(python/sweeping_generator/config) by extensions ['python_setup_py']
[0.192s] Level 1:colcon.colcon_core.package_identification:_identify(python/sweeping_generator/config) by extension 'python_setup_py'
[0.192s] Level 1:colcon.colcon_core.package_identification:_identify(python/sweeping_generator/launch) by extensions ['ignore', 'ignore_ament_install']
[0.193s] Level 1:colcon.colcon_core.package_identification:_identify(python/sweeping_generator/launch) by extension 'ignore'
[0.193s] Level 1:colcon.colcon_core.package_identification:_identify(python/sweeping_generator/launch) by extension 'ignore_ament_install'
[0.193s] Level 1:colcon.colcon_core.package_identification:_identify(python/sweeping_generator/launch) by extensions ['colcon_pkg']
[0.193s] Level 1:colcon.colcon_core.package_identification:_identify(python/sweeping_generator/launch) by extension 'colcon_pkg'
[0.193s] Level 1:colcon.colcon_core.package_identification:_identify(python/sweeping_generator/launch) by extensions ['colcon_meta']
[0.193s] Level 1:colcon.colcon_core.package_identification:_identify(python/sweeping_generator/launch) by extension 'colcon_meta'
[0.193s] Level 1:colcon.colcon_core.package_identification:_identify(python/sweeping_generator/launch) by extensions ['ros']
[0.193s] Level 1:colcon.colcon_core.package_identification:_identify(python/sweeping_generator/launch) by extension 'ros'
[0.193s] Level 1:colcon.colcon_core.package_identification:_identify(python/sweeping_generator/launch) by extensions ['cmake', 'python']
[0.193s] Level 1:colcon.colcon_core.package_identification:_identify(python/sweeping_generator/launch) by extension 'cmake'
[0.193s] Level 1:colcon.colcon_core.package_identification:_identify(python/sweeping_generator/launch) by extension 'python'
[0.193s] Level 1:colcon.colcon_core.package_identification:_identify(python/sweeping_generator/launch) by extensions ['python_setup_py']
[0.193s] Level 1:colcon.colcon_core.package_identification:_identify(python/sweeping_generator/launch) by extension 'python_setup_py'
[0.193s] Level 1:colcon.colcon_core.package_identification:_identify(python/sweeping_generator/scripts) by extensions ['ignore', 'ignore_ament_install']
[0.193s] Level 1:colcon.colcon_core.package_identification:_identify(python/sweeping_generator/scripts) by extension 'ignore'
[0.193s] Level 1:colcon.colcon_core.package_identification:_identify(python/sweeping_generator/scripts) by extension 'ignore_ament_install'
[0.193s] Level 1:colcon.colcon_core.package_identification:_identify(python/sweeping_generator/scripts) by extensions ['colcon_pkg']
[0.193s] Level 1:colcon.colcon_core.package_identification:_identify(python/sweeping_generator/scripts) by extension 'colcon_pkg'
[0.193s] Level 1:colcon.colcon_core.package_identification:_identify(python/sweeping_generator/scripts) by extensions ['colcon_meta']
[0.193s] Level 1:colcon.colcon_core.package_identification:_identify(python/sweeping_generator/scripts) by extension 'colcon_meta'
[0.194s] Level 1:colcon.colcon_core.package_identification:_identify(python/sweeping_generator/scripts) by extensions ['ros']
[0.194s] Level 1:colcon.colcon_core.package_identification:_identify(python/sweeping_generator/scripts) by extension 'ros'
[0.194s] Level 1:colcon.colcon_core.package_identification:_identify(python/sweeping_generator/scripts) by extensions ['cmake', 'python']
[0.194s] Level 1:colcon.colcon_core.package_identification:_identify(python/sweeping_generator/scripts) by extension 'cmake'
[0.194s] Level 1:colcon.colcon_core.package_identification:_identify(python/sweeping_generator/scripts) by extension 'python'
[0.194s] Level 1:colcon.colcon_core.package_identification:_identify(python/sweeping_generator/scripts) by extensions ['python_setup_py']
[0.194s] Level 1:colcon.colcon_core.package_identification:_identify(python/sweeping_generator/scripts) by extension 'python_setup_py'
[0.194s] Level 1:colcon.colcon_core.package_identification:_identify(tmux) by extensions ['ignore', 'ignore_ament_install']
[0.194s] Level 1:colcon.colcon_core.package_identification:_identify(tmux) by extension 'ignore'
[0.194s] Level 1:colcon.colcon_core.package_identification:_identify(tmux) by extension 'ignore_ament_install'
[0.194s] Level 1:colcon.colcon_core.package_identification:_identify(tmux) by extensions ['colcon_pkg']
[0.194s] Level 1:colcon.colcon_core.package_identification:_identify(tmux) by extension 'colcon_pkg'
[0.194s] Level 1:colcon.colcon_core.package_identification:_identify(tmux) by extensions ['colcon_meta']
[0.194s] Level 1:colcon.colcon_core.package_identification:_identify(tmux) by extension 'colcon_meta'
[0.194s] Level 1:colcon.colcon_core.package_identification:_identify(tmux) by extensions ['ros']
[0.194s] Level 1:colcon.colcon_core.package_identification:_identify(tmux) by extension 'ros'
[0.194s] Level 1:colcon.colcon_core.package_identification:_identify(tmux) by extensions ['cmake', 'python']
[0.194s] Level 1:colcon.colcon_core.package_identification:_identify(tmux) by extension 'cmake'
[0.196s] Level 1:colcon.colcon_core.package_identification:_identify(tmux) by extension 'python'
[0.196s] DEBUG:colcon.colcon_core.package_identification:Package 'tmux' with type 'cmake' and name 'sweeping_generator'
[0.196s] Level 1:colcon.colcon_core.package_discovery:discover_packages(recursive) using defaults
[0.196s] Level 1:colcon.colcon_core.package_discovery:discover_packages(ignore) discover
[0.196s] Level 1:colcon.colcon_core.package_discovery:discover_packages(ignore) using defaults
[0.196s] Level 1:colcon.colcon_core.package_discovery:discover_packages(path) discover
[0.196s] Level 1:colcon.colcon_core.package_discovery:discover_packages(path) using defaults
[0.218s] Level 1:colcon.colcon_core.package_discovery:discover_packages(prefix_path) check parameters
[0.218s] Level 1:colcon.colcon_core.package_discovery:discover_packages(prefix_path) discover
[0.221s] DEBUG:colcon.colcon_installed_package_information.package_discovery:Found 393 installed packages in /opt/ros/jazzy
[0.223s] Level 1:colcon.colcon_core.package_discovery:discover_packages(prefix_path) using defaults
[0.270s] Level 5:colcon.colcon_core.verb:set package 'sweeping_generator' build argument 'cmake_args' from command line to 'None'
[0.270s] Level 5:colcon.colcon_core.verb:set package 'sweeping_generator' build argument 'cmake_target' from command line to 'None'
[0.270s] Level 5:colcon.colcon_core.verb:set package 'sweeping_generator' build argument 'cmake_target_skip_unavailable' from command line to 'False'
[0.270s] Level 5:colcon.colcon_core.verb:set package 'sweeping_generator' build argument 'cmake_clean_cache' from command line to 'False'
[0.270s] Level 5:colcon.colcon_core.verb:set package 'sweeping_generator' build argument 'cmake_clean_first' from command line to 'False'
[0.270s] Level 5:colcon.colcon_core.verb:set package 'sweeping_generator' build argument 'cmake_force_configure' from command line to 'False'
[0.270s] Level 5:colcon.colcon_core.verb:set package 'sweeping_generator' build argument 'ament_cmake_args' from command line to 'None'
[0.270s] Level 5:colcon.colcon_core.verb:set package 'sweeping_generator' build argument 'catkin_cmake_args' from command line to 'None'
[0.270s] Level 5:colcon.colcon_core.verb:set package 'sweeping_generator' build argument 'catkin_skip_building_tests' from command line to 'False'
[0.270s] DEBUG:colcon.colcon_core.verb:Building package 'sweeping_generator' with the following arguments: {'ament_cmake_args': None, 'build_base': '/home/sujjay/ros2_ws/src/ROS2-Drone-Simulation/build/sweeping_generator', 'catkin_cmake_args': None, 'catkin_skip_building_tests': False, 'cmake_args': None, 'cmake_clean_cache': False, 'cmake_clean_first': False, 'cmake_force_configure': False, 'cmake_target': None, 'cmake_target_skip_unavailable': False, 'install_base': '/home/sujjay/ros2_ws/src/ROS2-Drone-Simulation/install/sweeping_generator', 'merge_install': False, 'path': '/home/sujjay/ros2_ws/src/ROS2-Drone-Simulation/tmux', 'symlink_install': False, 'test_result_base': None}
[0.270s] INFO:colcon.colcon_core.executor:Executing jobs using 'parallel' executor
[0.272s] DEBUG:colcon.colcon_parallel_executor.executor.parallel:run_until_complete
[0.272s] INFO:colcon.colcon_cmake.task.cmake.build:Building CMake package in '/home/sujjay/ros2_ws/src/ROS2-Drone-Simulation/tmux'
[0.274s] INFO:colcon.colcon_core.plugin_system:Skipping extension 'colcon_core.shell.bat': Not used on non-Windows systems
[0.275s] INFO:colcon.colcon_core.shell:Skip shell extension 'powershell' for command environment: Not usable outside of PowerShell
[0.275s] DEBUG:colcon.colcon_core.shell:Skip shell extension 'dsv' for command environment
[0.288s] DEBUG:colcon.colcon_core.event_handler.log_command:Invoking command in '/home/sujjay/ros2_ws/src/ROS2-Drone-Simulation/build/sweeping_generator': DEBUGINFOD_URLS=https://debuginfod.ubuntu.com /usr/bin/cmake /home/sujjay/ros2_ws/src/ROS2-Drone-Simulation/tmux -DCMAKE_INSTALL_PREFIX=/home/sujjay/ros2_ws/src/ROS2-Drone-Simulation/install/sweeping_generator
[0.856s] DEBUG:colcon.colcon_core.event_handler.log_command:Invoked command in '/home/sujjay/ros2_ws/src/ROS2-Drone-Simulation/build/sweeping_generator' returned '1': DEBUGINFOD_URLS=https://debuginfod.ubuntu.com /usr/bin/cmake /home/sujjay/ros2_ws/src/ROS2-Drone-Simulation/tmux -DCMAKE_INSTALL_PREFIX=/home/sujjay/ros2_ws/src/ROS2-Drone-Simulation/install/sweeping_generator
[0.868s] DEBUG:colcon.colcon_parallel_executor.executor.parallel:closing loop
[0.868s] DEBUG:colcon.colcon_parallel_executor.executor.parallel:loop closed
[0.868s] DEBUG:colcon.colcon_parallel_executor.executor.parallel:run_until_complete finished with '1'
[0.868s] DEBUG:colcon.colcon_core.event_reactor:joining thread
[0.880s] INFO:colcon.colcon_core.plugin_system:Skipping extension 'colcon_notification.desktop_notification.terminal_notifier': Not used on non-Darwin systems
[0.880s] INFO:colcon.colcon_core.plugin_system:Skipping extension 'colcon_notification.desktop_notification.win32': Not used on non-Windows systems
[0.880s] INFO:colcon.colcon_notification.desktop_notification:Sending desktop notification using 'notify2'
[0.904s] DEBUG:colcon.colcon_core.event_reactor:joined thread
[0.905s] INFO:colcon.colcon_core.shell:Creating prefix script '/home/sujjay/ros2_ws/src/ROS2-Drone-Simulation/install/local_setup.ps1'
[0.907s] INFO:colcon.colcon_core.shell:Creating prefix util module '/home/sujjay/ros2_ws/src/ROS2-Drone-Simulation/install/_local_setup_util_ps1.py'
[0.909s] INFO:colcon.colcon_core.shell:Creating prefix chain script '/home/sujjay/ros2_ws/src/ROS2-Drone-Simulation/install/setup.ps1'
[0.911s] INFO:colcon.colcon_core.shell:Creating prefix script '/home/sujjay/ros2_ws/src/ROS2-Drone-Simulation/install/local_setup.sh'
[0.912s] INFO:colcon.colcon_core.shell:Creating prefix util module '/home/sujjay/ros2_ws/src/ROS2-Drone-Simulation/install/_local_setup_util_sh.py'
[0.912s] INFO:colcon.colcon_core.shell:Creating prefix chain script '/home/sujjay/ros2_ws/src/ROS2-Drone-Simulation/install/setup.sh'
[0.914s] INFO:colcon.colcon_core.shell:Creating prefix script '/home/sujjay/ros2_ws/src/ROS2-Drone-Simulation/install/local_setup.bash'
[0.915s] INFO:colcon.colcon_core.shell:Creating prefix chain script '/home/sujjay/ros2_ws/src/ROS2-Drone-Simulation/install/setup.bash'
[0.917s] INFO:colcon.colcon_core.shell:Creating prefix script '/home/sujjay/ros2_ws/src/ROS2-Drone-Simulation/install/local_setup.zsh'
[0.917s] INFO:colcon.colcon_core.shell:Creating prefix chain script '/home/sujjay/ros2_ws/src/ROS2-Drone-Simulation/install/setup.zsh'
