[0.099s] DEBUG:colcon:Command line arguments: ['/usr/bin/colcon', 'build']
[0.100s] DEBUG:colcon:Parsed command line arguments: Namespace(log_base=None, log_level=None, verb_name='build', build_base='build', install_base='install', merge_install=False, symlink_install=False, test_result_base=None, continue_on_error=False, executor='parallel', parallel_workers=20, event_handlers=None, ignore_user_meta=False, metas=['./colcon.meta'], base_paths=['.'], packages_ignore=None, packages_ignore_regex=None, paths=None, packages_up_to=None, packages_up_to_regex=None, packages_above=None, packages_above_and_dependencies=None, packages_above_depth=None, packages_select_by_dep=None, packages_skip_by_dep=None, packages_skip_up_to=None, packages_select_build_failed=False, packages_skip_build_finished=False, packages_select_test_failures=False, packages_skip_test_passed=False, packages_select=None, packages_skip=None, packages_select_regex=None, packages_skip_regex=None, packages_start=None, packages_end=None, allow_overriding=[], cmake_args=None, cmake_target=None, cmake_target_skip_unavailable=False, cmake_clean_cache=False, cmake_clean_first=False, cmake_force_configure=False, ament_cmake_args=None, catkin_cmake_args=None, catkin_skip_building_tests=False, mixin_files=None, mixin=None, verb_parser=<colcon_mixin.mixin.mixin_argument.MixinArgumentDecorator object at 0x7969a15963f0>, verb_extension=<colcon_core.verb.build.BuildVerb object at 0x7969a16be9f0>, main=<bound method BuildVerb.main of <colcon_core.verb.build.BuildVerb object at 0x7969a16be9f0>>, mixin_verb=('build',))
[0.129s] Level 1:colcon.colcon_core.package_discovery:discover_packages(colcon_meta) check parameters
[0.129s] Level 1:colcon.colcon_core.package_discovery:discover_packages(recursive) check parameters
[0.129s] Level 1:colcon.colcon_core.package_discovery:discover_packages(ignore) check parameters
[0.129s] Level 1:colcon.colcon_core.package_discovery:discover_packages(path) check parameters
[0.129s] Level 1:colcon.colcon_core.package_discovery:discover_packages(colcon_meta) discover
[0.129s] Level 1:colcon.colcon_core.package_discovery:discover_packages(recursive) discover
[0.129s] INFO:colcon.colcon_core.package_discovery:Crawling recursively for packages in '/home/sujjay/ros2_ws/src/ROS2-Drone-Simulation/tmux'
[0.129s] Level 1:colcon.colcon_core.package_identification:_identify(.) by extensions ['ignore', 'ignore_ament_install']
[0.129s] Level 1:colcon.colcon_core.package_identification:_identify(.) by extension 'ignore'
[0.129s] Level 1:colcon.colcon_core.package_identification:_identify(.) by extension 'ignore_ament_install'
[0.129s] Level 1:colcon.colcon_core.package_identification:_identify(.) by extensions ['colcon_pkg']
[0.129s] Level 1:colcon.colcon_core.package_identification:_identify(.) by extension 'colcon_pkg'
[0.129s] Level 1:colcon.colcon_core.package_identification:_identify(.) by extensions ['colcon_meta']
[0.129s] Level 1:colcon.colcon_core.package_identification:_identify(.) by extension 'colcon_meta'
[0.129s] Level 1:colcon.colcon_core.package_identification:_identify(.) by extensions ['ros']
[0.129s] Level 1:colcon.colcon_core.package_identification:_identify(.) by extension 'ros'
[0.150s] DEBUG:colcon.colcon_core.package_identification:Package '.' with type 'ros.ament_cmake' and name 'sweeping_generator'
[0.150s] Level 1:colcon.colcon_core.package_discovery:discover_packages(recursive) using defaults
[0.150s] Level 1:colcon.colcon_core.package_discovery:discover_packages(ignore) discover
[0.150s] Level 1:colcon.colcon_core.package_discovery:discover_packages(ignore) using defaults
[0.150s] Level 1:colcon.colcon_core.package_discovery:discover_packages(path) discover
[0.150s] Level 1:colcon.colcon_core.package_discovery:discover_packages(path) using defaults
[0.163s] Level 1:colcon.colcon_core.package_discovery:discover_packages(prefix_path) check parameters
[0.163s] Level 1:colcon.colcon_core.package_discovery:discover_packages(prefix_path) discover
[0.165s] DEBUG:colcon.colcon_installed_package_information.package_discovery:Found 393 installed packages in /opt/ros/jazzy
[0.166s] Level 1:colcon.colcon_core.package_discovery:discover_packages(prefix_path) using defaults
[0.196s] Level 5:colcon.colcon_core.verb:set package 'sweeping_generator' build argument 'cmake_args' from command line to 'None'
[0.196s] Level 5:colcon.colcon_core.verb:set package 'sweeping_generator' build argument 'cmake_target' from command line to 'None'
[0.196s] Level 5:colcon.colcon_core.verb:set package 'sweeping_generator' build argument 'cmake_target_skip_unavailable' from command line to 'False'
[0.196s] Level 5:colcon.colcon_core.verb:set package 'sweeping_generator' build argument 'cmake_clean_cache' from command line to 'False'
[0.196s] Level 5:colcon.colcon_core.verb:set package 'sweeping_generator' build argument 'cmake_clean_first' from command line to 'False'
[0.196s] Level 5:colcon.colcon_core.verb:set package 'sweeping_generator' build argument 'cmake_force_configure' from command line to 'False'
[0.196s] Level 5:colcon.colcon_core.verb:set package 'sweeping_generator' build argument 'ament_cmake_args' from command line to 'None'
[0.196s] Level 5:colcon.colcon_core.verb:set package 'sweeping_generator' build argument 'catkin_cmake_args' from command line to 'None'
[0.196s] Level 5:colcon.colcon_core.verb:set package 'sweeping_generator' build argument 'catkin_skip_building_tests' from command line to 'False'
[0.196s] DEBUG:colcon.colcon_core.verb:Building package 'sweeping_generator' with the following arguments: {'ament_cmake_args': None, 'build_base': '/home/sujjay/ros2_ws/src/ROS2-Drone-Simulation/tmux/build/sweeping_generator', 'catkin_cmake_args': None, 'catkin_skip_building_tests': False, 'cmake_args': None, 'cmake_clean_cache': False, 'cmake_clean_first': False, 'cmake_force_configure': False, 'cmake_target': None, 'cmake_target_skip_unavailable': False, 'install_base': '/home/sujjay/ros2_ws/src/ROS2-Drone-Simulation/tmux/install/sweeping_generator', 'merge_install': False, 'path': '/home/sujjay/ros2_ws/src/ROS2-Drone-Simulation/tmux', 'symlink_install': False, 'test_result_base': None}
[0.197s] INFO:colcon.colcon_core.executor:Executing jobs using 'parallel' executor
[0.197s] DEBUG:colcon.colcon_parallel_executor.executor.parallel:run_until_complete
[0.197s] INFO:colcon.colcon_ros.task.ament_cmake.build:Building ROS package in '/home/sujjay/ros2_ws/src/ROS2-Drone-Simulation/tmux' with build type 'ament_cmake'
[0.197s] INFO:colcon.colcon_cmake.task.cmake.build:Building CMake package in '/home/sujjay/ros2_ws/src/ROS2-Drone-Simulation/tmux'
[0.199s] INFO:colcon.colcon_core.plugin_system:Skipping extension 'colcon_core.shell.bat': Not used on non-Windows systems
[0.199s] INFO:colcon.colcon_core.shell:Skip shell extension 'powershell' for command environment: Not usable outside of PowerShell
[0.199s] DEBUG:colcon.colcon_core.shell:Skip shell extension 'dsv' for command environment
[0.206s] DEBUG:colcon.colcon_core.event_handler.log_command:Invoking command in '/home/sujjay/ros2_ws/src/ROS2-Drone-Simulation/tmux/build/sweeping_generator': DEBUGINFOD_URLS=https://debuginfod.ubuntu.com /usr/bin/cmake /home/sujjay/ros2_ws/src/ROS2-Drone-Simulation/tmux -DCMAKE_INSTALL_PREFIX=/home/sujjay/ros2_ws/src/ROS2-Drone-Simulation/tmux/install/sweeping_generator
[1.190s] DEBUG:colcon.colcon_core.event_handler.log_command:Invoked command in '/home/sujjay/ros2_ws/src/ROS2-Drone-Simulation/tmux/build/sweeping_generator' returned '0': DEBUGINFOD_URLS=https://debuginfod.ubuntu.com /usr/bin/cmake /home/sujjay/ros2_ws/src/ROS2-Drone-Simulation/tmux -DCMAKE_INSTALL_PREFIX=/home/sujjay/ros2_ws/src/ROS2-Drone-Simulation/tmux/install/sweeping_generator
[1.191s] DEBUG:colcon.colcon_core.event_handler.log_command:Invoking command in '/home/sujjay/ros2_ws/src/ROS2-Drone-Simulation/tmux/build/sweeping_generator': DEBUGINFOD_URLS=https://debuginfod.ubuntu.com /usr/bin/cmake --build /home/sujjay/ros2_ws/src/ROS2-Drone-Simulation/tmux/build/sweeping_generator -- -j20 -l20
[1.236s] DEBUG:colcon.colcon_core.event_handler.log_command:Invoked command in '/home/sujjay/ros2_ws/src/ROS2-Drone-Simulation/tmux/build/sweeping_generator' returned '0': DEBUGINFOD_URLS=https://debuginfod.ubuntu.com /usr/bin/cmake --build /home/sujjay/ros2_ws/src/ROS2-Drone-Simulation/tmux/build/sweeping_generator -- -j20 -l20
[1.248s] DEBUG:colcon.colcon_core.event_handler.log_command:Invoking command in '/home/sujjay/ros2_ws/src/ROS2-Drone-Simulation/tmux/build/sweeping_generator': DEBUGINFOD_URLS=https://debuginfod.ubuntu.com /usr/bin/cmake --install /home/sujjay/ros2_ws/src/ROS2-Drone-Simulation/tmux/build/sweeping_generator
[1.268s] Level 1:colcon.colcon_core.environment:create_environment_scripts_only(sweeping_generator)
[1.269s] DEBUG:colcon.colcon_core.event_handler.log_command:Invoked command in '/home/sujjay/ros2_ws/src/ROS2-Drone-Simulation/tmux/build/sweeping_generator' returned '0': DEBUGINFOD_URLS=https://debuginfod.ubuntu.com /usr/bin/cmake --install /home/sujjay/ros2_ws/src/ROS2-Drone-Simulation/tmux/build/sweeping_generator
[1.272s] Level 1:colcon.colcon_core.environment:checking '/home/sujjay/ros2_ws/src/ROS2-Drone-Simulation/tmux/install/sweeping_generator' for CMake module files
[1.273s] Level 1:colcon.colcon_core.environment:checking '/home/sujjay/ros2_ws/src/ROS2-Drone-Simulation/tmux/install/sweeping_generator' for CMake config files
[1.274s] Level 1:colcon.colcon_core.shell:create_environment_hook('sweeping_generator', 'cmake_prefix_path')
[1.274s] INFO:colcon.colcon_core.shell:Creating environment hook '/home/sujjay/ros2_ws/src/ROS2-Drone-Simulation/tmux/install/sweeping_generator/share/sweeping_generator/hook/cmake_prefix_path.ps1'
[1.275s] INFO:colcon.colcon_core.shell:Creating environment descriptor '/home/sujjay/ros2_ws/src/ROS2-Drone-Simulation/tmux/install/sweeping_generator/share/sweeping_generator/hook/cmake_prefix_path.dsv'
[1.276s] INFO:colcon.colcon_core.shell:Creating environment hook '/home/sujjay/ros2_ws/src/ROS2-Drone-Simulation/tmux/install/sweeping_generator/share/sweeping_generator/hook/cmake_prefix_path.sh'
[1.277s] Level 1:colcon.colcon_core.environment:checking '/home/sujjay/ros2_ws/src/ROS2-Drone-Simulation/tmux/install/sweeping_generator/lib'
[1.277s] Level 1:colcon.colcon_core.environment:checking '/home/sujjay/ros2_ws/src/ROS2-Drone-Simulation/tmux/install/sweeping_generator/bin'
[1.277s] Level 1:colcon.colcon_core.environment:checking '/home/sujjay/ros2_ws/src/ROS2-Drone-Simulation/tmux/install/sweeping_generator/lib/pkgconfig/sweeping_generator.pc'
[1.278s] Level 1:colcon.colcon_core.environment:checking '/home/sujjay/ros2_ws/src/ROS2-Drone-Simulation/tmux/install/sweeping_generator/lib/python3.12/site-packages'
[1.278s] Level 1:colcon.colcon_core.environment:checking '/home/sujjay/ros2_ws/src/ROS2-Drone-Simulation/tmux/install/sweeping_generator/bin'
[1.278s] INFO:colcon.colcon_core.shell:Creating package script '/home/sujjay/ros2_ws/src/ROS2-Drone-Simulation/tmux/install/sweeping_generator/share/sweeping_generator/package.ps1'
[1.279s] INFO:colcon.colcon_core.shell:Creating package descriptor '/home/sujjay/ros2_ws/src/ROS2-Drone-Simulation/tmux/install/sweeping_generator/share/sweeping_generator/package.dsv'
[1.280s] INFO:colcon.colcon_core.shell:Creating package script '/home/sujjay/ros2_ws/src/ROS2-Drone-Simulation/tmux/install/sweeping_generator/share/sweeping_generator/package.sh'
[1.280s] INFO:colcon.colcon_core.shell:Creating package script '/home/sujjay/ros2_ws/src/ROS2-Drone-Simulation/tmux/install/sweeping_generator/share/sweeping_generator/package.bash'
[1.281s] INFO:colcon.colcon_core.shell:Creating package script '/home/sujjay/ros2_ws/src/ROS2-Drone-Simulation/tmux/install/sweeping_generator/share/sweeping_generator/package.zsh'
[1.282s] Level 1:colcon.colcon_core.environment:create_file_with_runtime_dependencies(/home/sujjay/ros2_ws/src/ROS2-Drone-Simulation/tmux/install/sweeping_generator/share/colcon-core/packages/sweeping_generator)
[1.283s] Level 1:colcon.colcon_core.environment:create_environment_scripts_only(sweeping_generator)
[1.283s] Level 1:colcon.colcon_core.environment:checking '/home/sujjay/ros2_ws/src/ROS2-Drone-Simulation/tmux/install/sweeping_generator' for CMake module files
[1.283s] Level 1:colcon.colcon_core.environment:checking '/home/sujjay/ros2_ws/src/ROS2-Drone-Simulation/tmux/install/sweeping_generator' for CMake config files
[1.284s] Level 1:colcon.colcon_core.shell:create_environment_hook('sweeping_generator', 'cmake_prefix_path')
[1.284s] INFO:colcon.colcon_core.shell:Creating environment hook '/home/sujjay/ros2_ws/src/ROS2-Drone-Simulation/tmux/install/sweeping_generator/share/sweeping_generator/hook/cmake_prefix_path.ps1'
[1.284s] INFO:colcon.colcon_core.shell:Creating environment descriptor '/home/sujjay/ros2_ws/src/ROS2-Drone-Simulation/tmux/install/sweeping_generator/share/sweeping_generator/hook/cmake_prefix_path.dsv'
[1.284s] INFO:colcon.colcon_core.shell:Creating environment hook '/home/sujjay/ros2_ws/src/ROS2-Drone-Simulation/tmux/install/sweeping_generator/share/sweeping_generator/hook/cmake_prefix_path.sh'
[1.285s] Level 1:colcon.colcon_core.environment:checking '/home/sujjay/ros2_ws/src/ROS2-Drone-Simulation/tmux/install/sweeping_generator/lib'
[1.285s] Level 1:colcon.colcon_core.environment:checking '/home/sujjay/ros2_ws/src/ROS2-Drone-Simulation/tmux/install/sweeping_generator/bin'
[1.285s] Level 1:colcon.colcon_core.environment:checking '/home/sujjay/ros2_ws/src/ROS2-Drone-Simulation/tmux/install/sweeping_generator/lib/pkgconfig/sweeping_generator.pc'
[1.285s] Level 1:colcon.colcon_core.environment:checking '/home/sujjay/ros2_ws/src/ROS2-Drone-Simulation/tmux/install/sweeping_generator/lib/python3.12/site-packages'
[1.285s] Level 1:colcon.colcon_core.environment:checking '/home/sujjay/ros2_ws/src/ROS2-Drone-Simulation/tmux/install/sweeping_generator/bin'
[1.286s] INFO:colcon.colcon_core.shell:Creating package script '/home/sujjay/ros2_ws/src/ROS2-Drone-Simulation/tmux/install/sweeping_generator/share/sweeping_generator/package.ps1'
[1.286s] INFO:colcon.colcon_core.shell:Creating package descriptor '/home/sujjay/ros2_ws/src/ROS2-Drone-Simulation/tmux/install/sweeping_generator/share/sweeping_generator/package.dsv'
[1.287s] INFO:colcon.colcon_core.shell:Creating package script '/home/sujjay/ros2_ws/src/ROS2-Drone-Simulation/tmux/install/sweeping_generator/share/sweeping_generator/package.sh'
[1.287s] INFO:colcon.colcon_core.shell:Creating package script '/home/sujjay/ros2_ws/src/ROS2-Drone-Simulation/tmux/install/sweeping_generator/share/sweeping_generator/package.bash'
[1.288s] INFO:colcon.colcon_core.shell:Creating package script '/home/sujjay/ros2_ws/src/ROS2-Drone-Simulation/tmux/install/sweeping_generator/share/sweeping_generator/package.zsh'
[1.288s] Level 1:colcon.colcon_core.environment:create_file_with_runtime_dependencies(/home/sujjay/ros2_ws/src/ROS2-Drone-Simulation/tmux/install/sweeping_generator/share/colcon-core/packages/sweeping_generator)
[1.288s] DEBUG:colcon.colcon_parallel_executor.executor.parallel:closing loop
[1.289s] DEBUG:colcon.colcon_parallel_executor.executor.parallel:loop closed
[1.289s] DEBUG:colcon.colcon_parallel_executor.executor.parallel:run_until_complete finished with '0'
[1.289s] DEBUG:colcon.colcon_core.event_reactor:joining thread
[1.296s] INFO:colcon.colcon_core.plugin_system:Skipping extension 'colcon_notification.desktop_notification.terminal_notifier': Not used on non-Darwin systems
[1.297s] INFO:colcon.colcon_core.plugin_system:Skipping extension 'colcon_notification.desktop_notification.win32': Not used on non-Windows systems
[1.297s] INFO:colcon.colcon_notification.desktop_notification:Sending desktop notification using 'notify2'
[1.315s] DEBUG:colcon.colcon_core.event_reactor:joined thread
[1.315s] INFO:colcon.colcon_core.shell:Creating prefix script '/home/sujjay/ros2_ws/src/ROS2-Drone-Simulation/tmux/install/local_setup.ps1'
[1.317s] INFO:colcon.colcon_core.shell:Creating prefix util module '/home/sujjay/ros2_ws/src/ROS2-Drone-Simulation/tmux/install/_local_setup_util_ps1.py'
[1.318s] INFO:colcon.colcon_core.shell:Creating prefix chain script '/home/sujjay/ros2_ws/src/ROS2-Drone-Simulation/tmux/install/setup.ps1'
[1.319s] INFO:colcon.colcon_core.shell:Creating prefix script '/home/sujjay/ros2_ws/src/ROS2-Drone-Simulation/tmux/install/local_setup.sh'
[1.319s] INFO:colcon.colcon_core.shell:Creating prefix util module '/home/sujjay/ros2_ws/src/ROS2-Drone-Simulation/tmux/install/_local_setup_util_sh.py'
[1.320s] INFO:colcon.colcon_core.shell:Creating prefix chain script '/home/sujjay/ros2_ws/src/ROS2-Drone-Simulation/tmux/install/setup.sh'
[1.321s] INFO:colcon.colcon_core.shell:Creating prefix script '/home/sujjay/ros2_ws/src/ROS2-Drone-Simulation/tmux/install/local_setup.bash'
[1.321s] INFO:colcon.colcon_core.shell:Creating prefix chain script '/home/sujjay/ros2_ws/src/ROS2-Drone-Simulation/tmux/install/setup.bash'
[1.322s] INFO:colcon.colcon_core.shell:Creating prefix script '/home/sujjay/ros2_ws/src/ROS2-Drone-Simulation/tmux/install/local_setup.zsh'
[1.323s] INFO:colcon.colcon_core.shell:Creating prefix chain script '/home/sujjay/ros2_ws/src/ROS2-Drone-Simulation/tmux/install/setup.zsh'
